============================= test session starts =============================
collecting ... collected 10 items

..\Leak_detection_constant_flow_major_fixed_mode.py::test_login PASSED   [ 10%]
..\Leak_detection_constant_flow_major_fixed_mode.py::test_pre_testing FAILED [ 20%]
..\Leak_detection_constant_flow_major_fixed_mode.py::test_open_valve_from_system_control PASSED [ 30%]
..\Leak_detection_constant_flow_major_fixed_mode.py::test_set_default_policy PASSED [ 40%]
..\Leak_detection_constant_flow_major_fixed_mode.py::test_inject_simulated_water_flow PASSED [ 50%]
..\Leak_detection_constant_flow_major_fixed_mode.py::test_warning_message_arrived FAILED [ 60%]
..\Leak_detection_constant_flow_major_fixed_mode.py::test_close_message_arrived FAILED [ 70%]
..\Leak_detection_constant_flow_major_fixed_mode.py::test_valve_error_arrived FAILED [ 80%]
..\Leak_detection_constant_flow_major_fixed_mode.py::test_stop_water_simulator FAILED [ 90%]
..\Leak_detection_constant_flow_major_fixed_mode.py::test_close_connection PASSED [100%]

================================== FAILURES ===================================
______________________________ test_pre_testing _______________________________

driver = <selenium.webdriver.firefox.webdriver.WebDriver (session="e7b48aee-8ed2-4579-a9a4-ddab000e1391")>
site_number = '2263', water_system_number = '8464', product_number = '10693'

    def delete_valve_error(driver, site_number, water_system_number, product_number):
        assistants_functions.find_element_by_xpath_and_click_it(driver,
                                                "//a[@href='/en/sites/{}/water_systems/{}/products/{}/commands']".format(
                                                  site_number, water_system_number, product_number))
        sleep(3)
        try:
            now = datetime.now()
            assistants_functions.set_new_command_and_check_command_arrived_in_portal(
                driver, site_number, water_system_number, product_number, 'delete valve', NUMBER_OF_COMMANDS_TO_CHECK, TIME_RANGE,
>               CONFIGURATION_FILE['portal_response']['delete_valve_error'], now)

..\tests.py:136: 
_ _ _ _ _ _ _ _ _ _ _ _ _ _ _ _ _ _ _ _ _ _ _ _ _ _ _ _ _ _ _ _ _ _ _ _ _ _ _ _

driver = <selenium.webdriver.firefox.webdriver.WebDriver (session="e7b48aee-8ed2-4579-a9a4-ddab000e1391")>
site_number = '2263', water_system_number = '8464', product_number = '10693'
unique_text_command = 'delete valve', number_of_commands_to_check = 8
time_range = 1, message_to_check = 'OP_RES_CLEAN_VALVE_ERROR'
now_time = datetime.datetime(2023, 3, 13, 9, 1, 33, 340842)

    def set_new_command_and_check_command_arrived_in_portal(
            driver,site_number,water_system_number,product_number, unique_text_command,
            number_of_commands_to_check,time_range,message_to_check,now_time):
    
>       set_new_command(driver,site_number,water_system_number,product_number, unique_text_command)

..\assistants_functions.py:61: 
_ _ _ _ _ _ _ _ _ _ _ _ _ _ _ _ _ _ _ _ _ _ _ _ _ _ _ _ _ _ _ _ _ _ _ _ _ _ _ _

driver = <selenium.webdriver.firefox.webdriver.WebDriver (session="e7b48aee-8ed2-4579-a9a4-ddab000e1391")>
site_number_json = '2263', water_system_number_json = '8464'
product_number_json = '10693', unique_text_command = 'delete valve'

    def set_new_command(driver,site_number_json,water_system_number_json,product_number_json, unique_text_command):
        new_button = WebDriverWait(driver, 10).until(
            EC.visibility_of_element_located((By.XPATH, "//a[@href='/en/sites/{}/water_systems/{}/products/{}/commands/new']"
                                              .format(site_number_json,water_system_number_json,product_number_json))))
        new_button.click()
        input_text = WebDriverWait(driver, 10).until(
            EC.visibility_of_element_located((By.XPATH, "/html/body/div/form/div/div/div[1]/span/input")))
        input_text.send_keys(unique_text_command)
        input_text.send_keys(Keys.ARROW_DOWN)
        input_text.send_keys(Keys.ENTER)
        sleep(3)
        create_command_button = WebDriverWait(driver, 10).until(
            EC.visibility_of_element_located((By.ID, "new_command_button")))
>       create_command_button.click()

..\assistants_functions.py:53: 
_ _ _ _ _ _ _ _ _ _ _ _ _ _ _ _ _ _ _ _ _ _ _ _ _ _ _ _ _ _ _ _ _ _ _ _ _ _ _ _

self = <selenium.webdriver.remote.webelement.WebElement (session="e7b48aee-8ed2-4579-a9a4-ddab000e1391", element="18e94e6c-f971-4628-a8b1-dc5476eab22e")>

    def click(self) -> None:
        """Clicks the element."""
>       self._execute(Command.CLICK_ELEMENT)

C:\Program Files (x86)\Microsoft Visual Studio\Shared\Python37_64\lib\site-packages\selenium\webdriver\remote\webelement.py:93: 
_ _ _ _ _ _ _ _ _ _ _ _ _ _ _ _ _ _ _ _ _ _ _ _ _ _ _ _ _ _ _ _ _ _ _ _ _ _ _ _

self = <selenium.webdriver.remote.webelement.WebElement (session="e7b48aee-8ed2-4579-a9a4-ddab000e1391", element="18e94e6c-f971-4628-a8b1-dc5476eab22e")>
command = 'clickElement'
params = {'id': '18e94e6c-f971-4628-a8b1-dc5476eab22e'}

    def _execute(self, command, params=None):
        """Executes a command against the underlying HTML element.
    
        Args:
          command: The name of the command to _execute as a string.
          params: A dictionary of named parameters to send with the command.
    
        Returns:
          The command's JSON response loaded into a dictionary object.
        """
        if not params:
            params = {}
        params["id"] = self._id
>       return self._parent.execute(command, params)

C:\Program Files (x86)\Microsoft Visual Studio\Shared\Python37_64\lib\site-packages\selenium\webdriver\remote\webelement.py:410: 
_ _ _ _ _ _ _ _ _ _ _ _ _ _ _ _ _ _ _ _ _ _ _ _ _ _ _ _ _ _ _ _ _ _ _ _ _ _ _ _

self = <selenium.webdriver.firefox.webdriver.WebDriver (session="e7b48aee-8ed2-4579-a9a4-ddab000e1391")>
driver_command = 'clickElement'
params = {'id': '18e94e6c-f971-4628-a8b1-dc5476eab22e'}

    def execute(self, driver_command: str, params: dict = None) -> dict:
        """
        Sends a command to be executed by a command.CommandExecutor.
    
        :Args:
         - driver_command: The name of the command to execute as a string.
         - params: A dictionary of named parameters to send with the command.
    
        :Returns:
          The command's JSON response loaded into a dictionary object.
        """
        params = self._wrap_value(params)
    
        if self.session_id:
            if not params:
                params = {"sessionId": self.session_id}
            elif "sessionId" not in params:
                params["sessionId"] = self.session_id
    
        response = self.command_executor.execute(driver_command, params)
        if response:
>           self.error_handler.check_response(response)

C:\Program Files (x86)\Microsoft Visual Studio\Shared\Python37_64\lib\site-packages\selenium\webdriver\remote\webdriver.py:444: 
_ _ _ _ _ _ _ _ _ _ _ _ _ _ _ _ _ _ _ _ _ _ _ _ _ _ _ _ _ _ _ _ _ _ _ _ _ _ _ _

self = <selenium.webdriver.remote.errorhandler.ErrorHandler object at 0x000002A7443ADDC8>
response = {'status': 400, 'value': '{"value":{"error":"element click intercepted","message":"Element <input id=\\"new_command_bu...sys.mjs:208:29\\nreceiveMessage@chrome://remote/content/marionette/actors/MarionetteCommandsChild.sys.mjs:97:31\\n"}}'}

    def check_response(self, response: Dict[str, Any]) -> None:
        """
        Checks that a JSON response from the WebDriver does not have an error.
    
        :Args:
         - response - The JSON response from the WebDriver server as a dictionary
           object.
    
        :Raises: If the response contains an error message.
        """
        status = response.get("status", None)
        if not status or status == ErrorCode.SUCCESS:
            return
        value = None
        message = response.get("message", "")
        screen: str = response.get("screen", "")
        stacktrace = None
        if isinstance(status, int):
            value_json = response.get("value", None)
            if value_json and isinstance(value_json, str):
                import json
    
                try:
                    value = json.loads(value_json)
                    if len(value.keys()) == 1:
                        value = value["value"]
                    status = value.get("error", None)
                    if not status:
                        status = value.get("status", ErrorCode.UNKNOWN_ERROR)
                        message = value.get("value") or value.get("message")
                        if not isinstance(message, str):
                            value = message
                            message = message.get("message")
                    else:
                        message = value.get("message", None)
                except ValueError:
                    pass
    
        exception_class: Type[WebDriverException]
        if status in ErrorCode.NO_SUCH_ELEMENT:
            exception_class = NoSuchElementException
        elif status in ErrorCode.NO_SUCH_FRAME:
            exception_class = NoSuchFrameException
        elif status in ErrorCode.NO_SUCH_SHADOW_ROOT:
            exception_class = NoSuchShadowRootException
        elif status in ErrorCode.NO_SUCH_WINDOW:
            exception_class = NoSuchWindowException
        elif status in ErrorCode.STALE_ELEMENT_REFERENCE:
            exception_class = StaleElementReferenceException
        elif status in ErrorCode.ELEMENT_NOT_VISIBLE:
            exception_class = ElementNotVisibleException
        elif status in ErrorCode.INVALID_ELEMENT_STATE:
            exception_class = InvalidElementStateException
        elif (
            status in ErrorCode.INVALID_SELECTOR
            or status in ErrorCode.INVALID_XPATH_SELECTOR
            or status in ErrorCode.INVALID_XPATH_SELECTOR_RETURN_TYPER
        ):
            exception_class = InvalidSelectorException
        elif status in ErrorCode.ELEMENT_IS_NOT_SELECTABLE:
            exception_class = ElementNotSelectableException
        elif status in ErrorCode.ELEMENT_NOT_INTERACTABLE:
            exception_class = ElementNotInteractableException
        elif status in ErrorCode.INVALID_COOKIE_DOMAIN:
            exception_class = InvalidCookieDomainException
        elif status in ErrorCode.UNABLE_TO_SET_COOKIE:
            exception_class = UnableToSetCookieException
        elif status in ErrorCode.TIMEOUT:
            exception_class = TimeoutException
        elif status in ErrorCode.SCRIPT_TIMEOUT:
            exception_class = TimeoutException
        elif status in ErrorCode.UNKNOWN_ERROR:
            exception_class = WebDriverException
        elif status in ErrorCode.UNEXPECTED_ALERT_OPEN:
            exception_class = UnexpectedAlertPresentException
        elif status in ErrorCode.NO_ALERT_OPEN:
            exception_class = NoAlertPresentException
        elif status in ErrorCode.IME_NOT_AVAILABLE:
            exception_class = ImeNotAvailableException
        elif status in ErrorCode.IME_ENGINE_ACTIVATION_FAILED:
            exception_class = ImeActivationFailedException
        elif status in ErrorCode.MOVE_TARGET_OUT_OF_BOUNDS:
            exception_class = MoveTargetOutOfBoundsException
        elif status in ErrorCode.JAVASCRIPT_ERROR:
            exception_class = JavascriptException
        elif status in ErrorCode.SESSION_NOT_CREATED:
            exception_class = SessionNotCreatedException
        elif status in ErrorCode.INVALID_ARGUMENT:
            exception_class = InvalidArgumentException
        elif status in ErrorCode.NO_SUCH_COOKIE:
            exception_class = NoSuchCookieException
        elif status in ErrorCode.UNABLE_TO_CAPTURE_SCREEN:
            exception_class = ScreenshotException
        elif status in ErrorCode.ELEMENT_CLICK_INTERCEPTED:
            exception_class = ElementClickInterceptedException
        elif status in ErrorCode.INSECURE_CERTIFICATE:
            exception_class = InsecureCertificateException
        elif status in ErrorCode.INVALID_COORDINATES:
            exception_class = InvalidCoordinatesException
        elif status in ErrorCode.INVALID_SESSION_ID:
            exception_class = InvalidSessionIdException
        elif status in ErrorCode.UNKNOWN_METHOD:
            exception_class = UnknownMethodException
        else:
            exception_class = WebDriverException
        if not value:
            value = response["value"]
        if isinstance(value, str):
            raise exception_class(value)
        if message == "" and "message" in value:
            message = value["message"]
    
        screen = None  # type: ignore[assignment]
        if "screen" in value:
            screen = value["screen"]
    
        stacktrace = None
        st_value = value.get("stackTrace") or value.get("stacktrace")
        if st_value:
            if isinstance(st_value, str):
                stacktrace = st_value.split("\n")
            else:
                stacktrace = []
                try:
                    for frame in st_value:
                        line = frame.get("lineNumber", "")
                        file = frame.get("fileName", "<anonymous>")
                        if line:
                            file = f"{file}:{line}"
                        meth = frame.get("methodName", "<anonymous>")
                        if "className" in frame:
                            meth = "{}.{}".format(frame["className"], meth)
                        msg = "    at %s (%s)"
                        msg = msg % (meth, file)
                        stacktrace.append(msg)
                except TypeError:
                    pass
        if exception_class == UnexpectedAlertPresentException:
            alert_text = None
            if "data" in value:
                alert_text = value["data"].get("text")
            elif "alert" in value:
                alert_text = value["alert"].get("text")
            raise exception_class(message, screen, stacktrace, alert_text)  # type: ignore[call-arg]  # mypy is not smart enough here
>       raise exception_class(message, screen, stacktrace)
E       selenium.common.exceptions.ElementClickInterceptedException: Message: Element <input id="new_command_button" class="btn btn-primary" name="commit" type="submit"> is not clickable at point (156,399) because another element <div class="controls"> obscures it
E       Stacktrace:
E       RemoteError@chrome://remote/content/shared/RemoteError.sys.mjs:8:8
E       WebDriverError@chrome://remote/content/shared/webdriver/Errors.sys.mjs:180:5
E       ElementClickInterceptedError@chrome://remote/content/shared/webdriver/Errors.sys.mjs:279:5
E       webdriverClickElement@chrome://remote/content/marionette/interaction.sys.mjs:160:11
E       interaction.clickElement@chrome://remote/content/marionette/interaction.sys.mjs:119:11
E       clickElement@chrome://remote/content/marionette/actors/MarionetteCommandsChild.sys.mjs:208:29
E       receiveMessage@chrome://remote/content/marionette/actors/MarionetteCommandsChild.sys.mjs:97:31

C:\Program Files (x86)\Microsoft Visual Studio\Shared\Python37_64\lib\site-packages\selenium\webdriver\remote\errorhandler.py:249: ElementClickInterceptedException

During handling of the above exception, another exception occurred:

    def test_pre_testing():
        try:
            tests.connect_to_product(driver, site_number,
                                     water_system_number)
            tests.delete_waiting(driver)
        except:
            pytest.fail("failed to delete waiting")
    
        try:
            tests.connect_to_product(driver, site_number, water_system_number)
            tests.clear_all_leaks(driver, site_number, water_system_number, product_id)
        except Exception as e:
            pytest.fail(str(e))
    
        try:
            tests.connect_to_product(driver, site_number, water_system_number)
>           tests.delete_valve_error(driver, site_number, water_system_number, product_id)

..\Leak_detection_constant_flow_major_fixed_mode.py:56: 
_ _ _ _ _ _ _ _ _ _ _ _ _ _ _ _ _ _ _ _ _ _ _ _ _ _ _ _ _ _ _ _ _ _ _ _ _ _ _ _

driver = <selenium.webdriver.firefox.webdriver.WebDriver (session="e7b48aee-8ed2-4579-a9a4-ddab000e1391")>
site_number = '2263', water_system_number = '8464', product_number = '10693'

    def delete_valve_error(driver, site_number, water_system_number, product_number):
        assistants_functions.find_element_by_xpath_and_click_it(driver,
                                                "//a[@href='/en/sites/{}/water_systems/{}/products/{}/commands']".format(
                                                  site_number, water_system_number, product_number))
        sleep(3)
        try:
            now = datetime.now()
            assistants_functions.set_new_command_and_check_command_arrived_in_portal(
                driver, site_number, water_system_number, product_number, 'delete valve', NUMBER_OF_COMMANDS_TO_CHECK, TIME_RANGE,
                CONFIGURATION_FILE['portal_response']['delete_valve_error'], now)
        except:
>           raise Exception("no OP_RES_CLEAN_VALVE_ERROR message was arrived")
E           Exception: no OP_RES_CLEAN_VALVE_ERROR message was arrived

..\tests.py:138: Exception

During handling of the above exception, another exception occurred:

    def test_pre_testing():
        try:
            tests.connect_to_product(driver, site_number,
                                     water_system_number)
            tests.delete_waiting(driver)
        except:
            pytest.fail("failed to delete waiting")
    
        try:
            tests.connect_to_product(driver, site_number, water_system_number)
            tests.clear_all_leaks(driver, site_number, water_system_number, product_id)
        except Exception as e:
            pytest.fail(str(e))
    
        try:
            tests.connect_to_product(driver, site_number, water_system_number)
            tests.delete_valve_error(driver, site_number, water_system_number, product_id)
        except Exception as e:
>           pytest.fail(str(e))
E           Failed: no OP_RES_CLEAN_VALVE_ERROR message was arrived

..\Leak_detection_constant_flow_major_fixed_mode.py:58: Failed
________________________ test_warning_message_arrived _________________________

    def test_warning_message_arrived():
        try:
            tests.connect_to_product(driver, site_number, water_system_number)
            warning_gotten = tests.is_command_was_gotten_loop(driver, site_number, water_system_number, product_id,
>                                                             'OP_EVT_SMG_LEAKDETECT', '"LeakNotificationLevel"=>2')

..\Leak_detection_constant_flow_major_fixed_mode.py:91: 
_ _ _ _ _ _ _ _ _ _ _ _ _ _ _ _ _ _ _ _ _ _ _ _ _ _ _ _ _ _ _ _ _ _ _ _ _ _ _ _

driver = <selenium.webdriver.firefox.webdriver.WebDriver (session="e7b48aee-8ed2-4579-a9a4-ddab000e1391")>
site_number = '2263', water_system_number = '8464', product_number = '10693'
command_to_check = 'OP_EVT_SMG_LEAKDETECT'
content_to_check = '"LeakNotificationLevel"=>2', relevant_content = True

    def is_command_was_gotten_loop(driver, site_number, water_system_number, product_number, command_to_check,
                                   content_to_check=None, relevant_content=True):
        assistants_functions.find_element_by_xpath_and_click_it(driver,
                                                "//a[@href='/en/sites/{}/water_systems/{}/products/{}/commands']".format(
                                                    site_number, water_system_number, product_number))
        for i in range(30):
            now = datetime.now()
            try:
                leak_detect_content = assistants_functions.check_commands_arrived_in_portal(driver,
                                                                                            NUMBER_OF_COMMANDS_TO_CHECK,
                                                                                            TIME_RANGE,
                                                                                            command_to_check, now,
                                                                                            True)
                if leak_detect_content:
                    if not relevant_content:
                        return True
                    if content_to_check in leak_detect_content:
                        return True
            except:
                print("")
>           sleep(10)
E           KeyboardInterrupt

..\tests.py:359: KeyboardInterrupt

During handling of the above exception, another exception occurred:

    def test_warning_message_arrived():
        try:
            tests.connect_to_product(driver, site_number, water_system_number)
            warning_gotten = tests.is_command_was_gotten_loop(driver, site_number, water_system_number, product_id,
                                                              'OP_EVT_SMG_LEAKDETECT', '"LeakNotificationLevel"=>2')
            if warning_gotten:
                assert True
            else:
                assert False
        except:
>           pytest.fail('fail to get warning')
E           Failed: fail to get warning

..\Leak_detection_constant_flow_major_fixed_mode.py:97: Failed
---------------------------- Captured stdout call -----------------------------


















---------------------------- Captured stderr call -----------------------------
Traceback (most recent call last):
  File "inject_simulated_water.py", line 90, in <module>
    main()
  File "C:\Program Files (x86)\Microsoft Visual Studio\Shared\Python37_64\lib\site-packages\click\core.py", line 1130, in __call__
    return self.main(*args, **kwargs)
  File "C:\Program Files (x86)\Microsoft Visual Studio\Shared\Python37_64\lib\site-packages\click\core.py", line 1055, in main
    rv = self.invoke(ctx)
  File "C:\Program Files (x86)\Microsoft Visual Studio\Shared\Python37_64\lib\site-packages\click\core.py", line 1404, in invoke
    return ctx.invoke(self.callback, **ctx.params)
  File "C:\Program Files (x86)\Microsoft Visual Studio\Shared\Python37_64\lib\site-packages\click\core.py", line 760, in invoke
    return __callback(*args, **kwargs)
  File "inject_simulated_water.py", line 63, in main
    _digitalOutput = _digital_g_OutTask.do_channels.add_do_chan(f"Dev1/port0/line{line}")
  File "C:\Users\liorm\Desktop\virtualenv-automation\lib\site-packages\nidaqmx\_task_modules\do_channel_collection.py", line 100, in add_do_chan
    check_for_error(error_code)
  File "C:\Users\liorm\Desktop\virtualenv-automation\lib\site-packages\nidaqmx\errors.py", line 196, in check_for_error
    raise DaqError(error_buffer.value.decode("utf-8"), error_code)
nidaqmx.errors.DaqError: Device cannot be accessed.  Possible causes:
Device is no longer present in the system.
Device is not powered.
Device is powered, but was temporarily without power.
Device and/or chassis driver support may have been removed.
Device is damaged.
Ensure the device is properly connected and turned on. Ensure the device and/or chassis is supported in the current version of the driver. Check the device's status in NI MAX. Turn the computer off and on again. If you suspect that the device is damaged, contact National Instruments at ni.com/support.
Device Specified: Dev1

Task Name: _unnamedTask<0>

Status Code: -201003
C:\Users\liorm\Desktop\virtualenv-automation\lib\site-packages\nidaqmx\task.py:101: ResourceWarning: Task of name "_unnamedTask<0>" was not explicitly closed before it was destructed. Resources on the task device may still be reserved.
_________________________ test_close_message_arrived __________________________

self = <urllib3.connection.HTTPConnection object at 0x000002A7449A6308>

    def _new_conn(self):
        """Establish a socket connection and set nodelay settings on it.
    
        :return: New socket connection.
        """
        extra_kw = {}
        if self.source_address:
            extra_kw["source_address"] = self.source_address
    
        if self.socket_options:
            extra_kw["socket_options"] = self.socket_options
    
        try:
            conn = connection.create_connection(
>               (self._dns_host, self.port), self.timeout, **extra_kw
            )

C:\Program Files (x86)\Microsoft Visual Studio\Shared\Python37_64\lib\site-packages\urllib3\connection.py:175: 
_ _ _ _ _ _ _ _ _ _ _ _ _ _ _ _ _ _ _ _ _ _ _ _ _ _ _ _ _ _ _ _ _ _ _ _ _ _ _ _

address = ('localhost', 59881), timeout = None, source_address = None
socket_options = [(6, 1, 1)]

    def create_connection(
        address,
        timeout=socket._GLOBAL_DEFAULT_TIMEOUT,
        source_address=None,
        socket_options=None,
    ):
        """Connect to *address* and return the socket object.
    
        Convenience function.  Connect to *address* (a 2-tuple ``(host,
        port)``) and return the socket object.  Passing the optional
        *timeout* parameter will set the timeout on the socket instance
        before attempting to connect.  If no *timeout* is supplied, the
        global default timeout setting returned by :func:`socket.getdefaulttimeout`
        is used.  If *source_address* is set it must be a tuple of (host, port)
        for the socket to bind as a source address before making the connection.
        An host of '' or port 0 tells the OS to use the default.
        """
    
        host, port = address
        if host.startswith("["):
            host = host.strip("[]")
        err = None
    
        # Using the value from allowed_gai_family() in the context of getaddrinfo lets
        # us select whether to work with IPv4 DNS records, IPv6 records, or both.
        # The original create_connection function always returns all records.
        family = allowed_gai_family()
    
        try:
            host.encode("idna")
        except UnicodeError:
            return six.raise_from(
                LocationParseError(u"'%s', label empty or too long" % host), None
            )
    
        for res in socket.getaddrinfo(host, port, family, socket.SOCK_STREAM):
            af, socktype, proto, canonname, sa = res
            sock = None
            try:
                sock = socket.socket(af, socktype, proto)
    
                # If provided, set socket level options before connecting.
                _set_socket_options(sock, socket_options)
    
                if timeout is not socket._GLOBAL_DEFAULT_TIMEOUT:
                    sock.settimeout(timeout)
                if source_address:
                    sock.bind(source_address)
                sock.connect(sa)
                return sock
    
            except socket.error as e:
                err = e
                if sock is not None:
                    sock.close()
                    sock = None
    
        if err is not None:
>           raise err

C:\Program Files (x86)\Microsoft Visual Studio\Shared\Python37_64\lib\site-packages\urllib3\util\connection.py:95: 
_ _ _ _ _ _ _ _ _ _ _ _ _ _ _ _ _ _ _ _ _ _ _ _ _ _ _ _ _ _ _ _ _ _ _ _ _ _ _ _

address = ('localhost', 59881), timeout = None, source_address = None
socket_options = [(6, 1, 1)]

    def create_connection(
        address,
        timeout=socket._GLOBAL_DEFAULT_TIMEOUT,
        source_address=None,
        socket_options=None,
    ):
        """Connect to *address* and return the socket object.
    
        Convenience function.  Connect to *address* (a 2-tuple ``(host,
        port)``) and return the socket object.  Passing the optional
        *timeout* parameter will set the timeout on the socket instance
        before attempting to connect.  If no *timeout* is supplied, the
        global default timeout setting returned by :func:`socket.getdefaulttimeout`
        is used.  If *source_address* is set it must be a tuple of (host, port)
        for the socket to bind as a source address before making the connection.
        An host of '' or port 0 tells the OS to use the default.
        """
    
        host, port = address
        if host.startswith("["):
            host = host.strip("[]")
        err = None
    
        # Using the value from allowed_gai_family() in the context of getaddrinfo lets
        # us select whether to work with IPv4 DNS records, IPv6 records, or both.
        # The original create_connection function always returns all records.
        family = allowed_gai_family()
    
        try:
            host.encode("idna")
        except UnicodeError:
            return six.raise_from(
                LocationParseError(u"'%s', label empty or too long" % host), None
            )
    
        for res in socket.getaddrinfo(host, port, family, socket.SOCK_STREAM):
            af, socktype, proto, canonname, sa = res
            sock = None
            try:
                sock = socket.socket(af, socktype, proto)
    
                # If provided, set socket level options before connecting.
                _set_socket_options(sock, socket_options)
    
                if timeout is not socket._GLOBAL_DEFAULT_TIMEOUT:
                    sock.settimeout(timeout)
                if source_address:
                    sock.bind(source_address)
>               sock.connect(sa)
E               ConnectionRefusedError: [WinError 10061] No connection could be made because the target machine actively refused it

C:\Program Files (x86)\Microsoft Visual Studio\Shared\Python37_64\lib\site-packages\urllib3\util\connection.py:85: ConnectionRefusedError

During handling of the above exception, another exception occurred:

self = <urllib3.connectionpool.HTTPConnectionPool object at 0x000002A7448E13C8>
method = 'POST', url = '/session/e7b48aee-8ed2-4579-a9a4-ddab000e1391/url'
body = '{"url": "https://control-staging.wint.ai/en/sites/2263/water_systems/8464"}'
headers = {'Accept': 'application/json', 'Connection': 'keep-alive', 'Content-Type': 'application/json;charset=UTF-8', 'User-Agent': 'selenium/4.7.2 (python windows)'}
retries = Retry(total=0, connect=None, read=None, redirect=None, status=None)
redirect = False, assert_same_host = False
timeout = <object object at 0x000002A74435F980>, pool_timeout = None
release_conn = True, chunked = False, body_pos = None
response_kw = {'request_url': 'http://localhost:59881/session/e7b48aee-8ed2-4579-a9a4-ddab000e1391/url'}
parsed_url = Url(scheme=None, auth=None, host=None, port=None, path='/session/e7b48aee-8ed2-4579-a9a4-ddab000e1391/url', query=None, fragment=None)
destination_scheme = None, conn = None, release_this_conn = True
http_tunnel_required = False, err = None, clean_exit = False

    def urlopen(
        self,
        method,
        url,
        body=None,
        headers=None,
        retries=None,
        redirect=True,
        assert_same_host=True,
        timeout=_Default,
        pool_timeout=None,
        release_conn=None,
        chunked=False,
        body_pos=None,
        **response_kw
    ):
        """
        Get a connection from the pool and perform an HTTP request. This is the
        lowest level call for making a request, so you'll need to specify all
        the raw details.
    
        .. note::
    
           More commonly, it's appropriate to use a convenience method provided
           by :class:`.RequestMethods`, such as :meth:`request`.
    
        .. note::
    
           `release_conn` will only behave as expected if
           `preload_content=False` because we want to make
           `preload_content=False` the default behaviour someday soon without
           breaking backwards compatibility.
    
        :param method:
            HTTP request method (such as GET, POST, PUT, etc.)
    
        :param url:
            The URL to perform the request on.
    
        :param body:
            Data to send in the request body, either :class:`str`, :class:`bytes`,
            an iterable of :class:`str`/:class:`bytes`, or a file-like object.
    
        :param headers:
            Dictionary of custom headers to send, such as User-Agent,
            If-None-Match, etc. If None, pool headers are used. If provided,
            these headers completely replace any pool-specific headers.
    
        :param retries:
            Configure the number of retries to allow before raising a
            :class:`~urllib3.exceptions.MaxRetryError` exception.
    
            Pass ``None`` to retry until you receive a response. Pass a
            :class:`~urllib3.util.retry.Retry` object for fine-grained control
            over different types of retries.
            Pass an integer number to retry connection errors that many times,
            but no other types of errors. Pass zero to never retry.
    
            If ``False``, then retries are disabled and any exception is raised
            immediately. Also, instead of raising a MaxRetryError on redirects,
            the redirect response will be returned.
    
        :type retries: :class:`~urllib3.util.retry.Retry`, False, or an int.
    
        :param redirect:
            If True, automatically handle redirects (status codes 301, 302,
            303, 307, 308). Each redirect counts as a retry. Disabling retries
            will disable redirect, too.
    
        :param assert_same_host:
            If ``True``, will make sure that the host of the pool requests is
            consistent else will raise HostChangedError. When ``False``, you can
            use the pool on an HTTP proxy and request foreign hosts.
    
        :param timeout:
            If specified, overrides the default timeout for this one
            request. It may be a float (in seconds) or an instance of
            :class:`urllib3.util.Timeout`.
    
        :param pool_timeout:
            If set and the pool is set to block=True, then this method will
            block for ``pool_timeout`` seconds and raise EmptyPoolError if no
            connection is available within the time period.
    
        :param release_conn:
            If False, then the urlopen call will not release the connection
            back into the pool once a response is received (but will release if
            you read the entire contents of the response such as when
            `preload_content=True`). This is useful if you're not preloading
            the response's content immediately. You will need to call
            ``r.release_conn()`` on the response ``r`` to return the connection
            back into the pool. If None, it takes the value of
            ``response_kw.get('preload_content', True)``.
    
        :param chunked:
            If True, urllib3 will send the body using chunked transfer
            encoding. Otherwise, urllib3 will send the body using the standard
            content-length form. Defaults to False.
    
        :param int body_pos:
            Position to seek to in file-like body in the event of a retry or
            redirect. Typically this won't need to be set because urllib3 will
            auto-populate the value when needed.
    
        :param \\**response_kw:
            Additional parameters are passed to
            :meth:`urllib3.response.HTTPResponse.from_httplib`
        """
    
        parsed_url = parse_url(url)
        destination_scheme = parsed_url.scheme
    
        if headers is None:
            headers = self.headers
    
        if not isinstance(retries, Retry):
            retries = Retry.from_int(retries, redirect=redirect, default=self.retries)
    
        if release_conn is None:
            release_conn = response_kw.get("preload_content", True)
    
        # Check host
        if assert_same_host and not self.is_same_host(url):
            raise HostChangedError(self, url, retries)
    
        # Ensure that the URL we're connecting to is properly encoded
        if url.startswith("/"):
            url = six.ensure_str(_encode_target(url))
        else:
            url = six.ensure_str(parsed_url.url)
    
        conn = None
    
        # Track whether `conn` needs to be released before
        # returning/raising/recursing. Update this variable if necessary, and
        # leave `release_conn` constant throughout the function. That way, if
        # the function recurses, the original value of `release_conn` will be
        # passed down into the recursive call, and its value will be respected.
        #
        # See issue #651 [1] for details.
        #
        # [1] <https://github.com/urllib3/urllib3/issues/651>
        release_this_conn = release_conn
    
        http_tunnel_required = connection_requires_http_tunnel(
            self.proxy, self.proxy_config, destination_scheme
        )
    
        # Merge the proxy headers. Only done when not using HTTP CONNECT. We
        # have to copy the headers dict so we can safely change it without those
        # changes being reflected in anyone else's copy.
        if not http_tunnel_required:
            headers = headers.copy()
            headers.update(self.proxy_headers)
    
        # Must keep the exception bound to a separate variable or else Python 3
        # complains about UnboundLocalError.
        err = None
    
        # Keep track of whether we cleanly exited the except block. This
        # ensures we do proper cleanup in finally.
        clean_exit = False
    
        # Rewind body position, if needed. Record current position
        # for future rewinds in the event of a redirect/retry.
        body_pos = set_file_position(body, body_pos)
    
        try:
            # Request a connection from the queue.
            timeout_obj = self._get_timeout(timeout)
            conn = self._get_conn(timeout=pool_timeout)
    
            conn.timeout = timeout_obj.connect_timeout
    
            is_new_proxy_conn = self.proxy is not None and not getattr(
                conn, "sock", None
            )
            if is_new_proxy_conn and http_tunnel_required:
                self._prepare_proxy(conn)
    
            # Make the request on the httplib connection object.
            httplib_response = self._make_request(
                conn,
                method,
                url,
                timeout=timeout_obj,
                body=body,
                headers=headers,
>               chunked=chunked,
            )

C:\Program Files (x86)\Microsoft Visual Studio\Shared\Python37_64\lib\site-packages\urllib3\connectionpool.py:710: 
_ _ _ _ _ _ _ _ _ _ _ _ _ _ _ _ _ _ _ _ _ _ _ _ _ _ _ _ _ _ _ _ _ _ _ _ _ _ _ _

self = <urllib3.connectionpool.HTTPConnectionPool object at 0x000002A7448E13C8>
conn = <urllib3.connection.HTTPConnection object at 0x000002A7449A6308>
method = 'POST', url = '/session/e7b48aee-8ed2-4579-a9a4-ddab000e1391/url'
timeout = Timeout(connect=None, read=None, total=None), chunked = False
httplib_request_kw = {'body': '{"url": "https://control-staging.wint.ai/en/sites/2263/water_systems/8464"}', 'headers': {'Accept': 'applica...ion': 'keep-alive', 'Content-Type': 'application/json;charset=UTF-8', 'User-Agent': 'selenium/4.7.2 (python windows)'}}
timeout_obj = Timeout(connect=None, read=None, total=None)

    def _make_request(
        self, conn, method, url, timeout=_Default, chunked=False, **httplib_request_kw
    ):
        """
        Perform a request on a given urllib connection object taken from our
        pool.
    
        :param conn:
            a connection from one of our connection pools
    
        :param timeout:
            Socket timeout in seconds for the request. This can be a
            float or integer, which will set the same timeout value for
            the socket connect and the socket read, or an instance of
            :class:`urllib3.util.Timeout`, which gives you more fine-grained
            control over your timeouts.
        """
        self.num_requests += 1
    
        timeout_obj = self._get_timeout(timeout)
        timeout_obj.start_connect()
        conn.timeout = timeout_obj.connect_timeout
    
        # Trigger any extra validation we need to do.
        try:
            self._validate_conn(conn)
        except (SocketTimeout, BaseSSLError) as e:
            # Py2 raises this as a BaseSSLError, Py3 raises it as socket timeout.
            self._raise_timeout(err=e, url=url, timeout_value=conn.timeout)
            raise
    
        # conn.request() calls http.client.*.request, not the method in
        # urllib3.request. It also calls makefile (recv) on the socket.
        try:
            if chunked:
                conn.request_chunked(method, url, **httplib_request_kw)
            else:
>               conn.request(method, url, **httplib_request_kw)

C:\Program Files (x86)\Microsoft Visual Studio\Shared\Python37_64\lib\site-packages\urllib3\connectionpool.py:398: 
_ _ _ _ _ _ _ _ _ _ _ _ _ _ _ _ _ _ _ _ _ _ _ _ _ _ _ _ _ _ _ _ _ _ _ _ _ _ _ _

self = <urllib3.connection.HTTPConnection object at 0x000002A7449A6308>
method = 'POST', url = '/session/e7b48aee-8ed2-4579-a9a4-ddab000e1391/url'
body = '{"url": "https://control-staging.wint.ai/en/sites/2263/water_systems/8464"}'
headers = {'Accept': 'application/json', 'Connection': 'keep-alive', 'Content-Type': 'application/json;charset=UTF-8', 'User-Agent': 'selenium/4.7.2 (python windows)'}

    def request(self, method, url, body=None, headers=None):
        if headers is None:
            headers = {}
        else:
            # Avoid modifying the headers passed into .request()
            headers = headers.copy()
        if "user-agent" not in (six.ensure_str(k.lower()) for k in headers):
            headers["User-Agent"] = _get_default_user_agent()
>       super(HTTPConnection, self).request(method, url, body=body, headers=headers)

C:\Program Files (x86)\Microsoft Visual Studio\Shared\Python37_64\lib\site-packages\urllib3\connection.py:239: 
_ _ _ _ _ _ _ _ _ _ _ _ _ _ _ _ _ _ _ _ _ _ _ _ _ _ _ _ _ _ _ _ _ _ _ _ _ _ _ _

self = <urllib3.connection.HTTPConnection object at 0x000002A7449A6308>
method = 'POST', url = '/session/e7b48aee-8ed2-4579-a9a4-ddab000e1391/url'
body = '{"url": "https://control-staging.wint.ai/en/sites/2263/water_systems/8464"}'
headers = {'Accept': 'application/json', 'Connection': 'keep-alive', 'Content-Type': 'application/json;charset=UTF-8', 'User-Agent': 'selenium/4.7.2 (python windows)'}

    def request(self, method, url, body=None, headers={}, *,
                encode_chunked=False):
        """Send a complete request to the server."""
>       self._send_request(method, url, body, headers, encode_chunked)

C:\Program Files (x86)\Microsoft Visual Studio\Shared\Python37_64\lib\http\client.py:1262: 
_ _ _ _ _ _ _ _ _ _ _ _ _ _ _ _ _ _ _ _ _ _ _ _ _ _ _ _ _ _ _ _ _ _ _ _ _ _ _ _

self = <urllib3.connection.HTTPConnection object at 0x000002A7449A6308>
method = 'POST', url = '/session/e7b48aee-8ed2-4579-a9a4-ddab000e1391/url'
body = b'{"url": "https://control-staging.wint.ai/en/sites/2263/water_systems/8464"}'
headers = {'Accept': 'application/json', 'Connection': 'keep-alive', 'Content-Type': 'application/json;charset=UTF-8', 'User-Agent': 'selenium/4.7.2 (python windows)'}
encode_chunked = False

    def _send_request(self, method, url, body, headers, encode_chunked):
        # Honor explicitly requested Host: and Accept-Encoding: headers.
        header_names = frozenset(k.lower() for k in headers)
        skips = {}
        if 'host' in header_names:
            skips['skip_host'] = 1
        if 'accept-encoding' in header_names:
            skips['skip_accept_encoding'] = 1
    
        self.putrequest(method, url, **skips)
    
        # chunked encoding will happen if HTTP/1.1 is used and either
        # the caller passes encode_chunked=True or the following
        # conditions hold:
        # 1. content-length has not been explicitly set
        # 2. the body is a file or iterable, but not a str or bytes-like
        # 3. Transfer-Encoding has NOT been explicitly set by the caller
    
        if 'content-length' not in header_names:
            # only chunk body if not explicitly set for backwards
            # compatibility, assuming the client code is already handling the
            # chunking
            if 'transfer-encoding' not in header_names:
                # if content-length cannot be automatically determined, fall
                # back to chunked encoding
                encode_chunked = False
                content_length = self._get_content_length(body, method)
                if content_length is None:
                    if body is not None:
                        if self.debuglevel > 0:
                            print('Unable to determine size of %r' % body)
                        encode_chunked = True
                        self.putheader('Transfer-Encoding', 'chunked')
                else:
                    self.putheader('Content-Length', str(content_length))
        else:
            encode_chunked = False
    
        for hdr, value in headers.items():
            self.putheader(hdr, value)
        if isinstance(body, str):
            # RFC 2616 Section 3.7.1 says that text default has a
            # default charset of iso-8859-1.
            body = _encode(body, 'body')
>       self.endheaders(body, encode_chunked=encode_chunked)

C:\Program Files (x86)\Microsoft Visual Studio\Shared\Python37_64\lib\http\client.py:1308: 
_ _ _ _ _ _ _ _ _ _ _ _ _ _ _ _ _ _ _ _ _ _ _ _ _ _ _ _ _ _ _ _ _ _ _ _ _ _ _ _

self = <urllib3.connection.HTTPConnection object at 0x000002A7449A6308>
message_body = b'{"url": "https://control-staging.wint.ai/en/sites/2263/water_systems/8464"}'

    def endheaders(self, message_body=None, *, encode_chunked=False):
        """Indicate that the last header line has been sent to the server.
    
        This method sends the request to the server.  The optional message_body
        argument can be used to pass a message body associated with the
        request.
        """
        if self.__state == _CS_REQ_STARTED:
            self.__state = _CS_REQ_SENT
        else:
            raise CannotSendHeader()
>       self._send_output(message_body, encode_chunked=encode_chunked)

C:\Program Files (x86)\Microsoft Visual Studio\Shared\Python37_64\lib\http\client.py:1257: 
_ _ _ _ _ _ _ _ _ _ _ _ _ _ _ _ _ _ _ _ _ _ _ _ _ _ _ _ _ _ _ _ _ _ _ _ _ _ _ _

self = <urllib3.connection.HTTPConnection object at 0x000002A7449A6308>
message_body = b'{"url": "https://control-staging.wint.ai/en/sites/2263/water_systems/8464"}'
encode_chunked = False

    def _send_output(self, message_body=None, encode_chunked=False):
        """Send the currently buffered request and clear the buffer.
    
        Appends an extra \\r\\n to the buffer.
        A message_body may be specified, to be appended to the request.
        """
        self._buffer.extend((b"", b""))
        msg = b"\r\n".join(self._buffer)
        del self._buffer[:]
>       self.send(msg)

C:\Program Files (x86)\Microsoft Visual Studio\Shared\Python37_64\lib\http\client.py:1028: 
_ _ _ _ _ _ _ _ _ _ _ _ _ _ _ _ _ _ _ _ _ _ _ _ _ _ _ _ _ _ _ _ _ _ _ _ _ _ _ _

self = <urllib3.connection.HTTPConnection object at 0x000002A7449A6308>
data = b'POST /session/e7b48aee-8ed2-4579-a9a4-ddab000e1391/url HTTP/1.1\r\nHost: localhost:59881\r\nAccept-Encoding: identit...-Type: application/json;charset=UTF-8\r\nUser-Agent: selenium/4.7.2 (python windows)\r\nConnection: keep-alive\r\n\r\n'

    def send(self, data):
        """Send `data' to the server.
        ``data`` can be a string object, a bytes object, an array object, a
        file-like object that supports a .read() method, or an iterable object.
        """
    
        if self.sock is None:
            if self.auto_open:
>               self.connect()

C:\Program Files (x86)\Microsoft Visual Studio\Shared\Python37_64\lib\http\client.py:968: 
_ _ _ _ _ _ _ _ _ _ _ _ _ _ _ _ _ _ _ _ _ _ _ _ _ _ _ _ _ _ _ _ _ _ _ _ _ _ _ _

self = <urllib3.connection.HTTPConnection object at 0x000002A7449A6308>

    def connect(self):
>       conn = self._new_conn()

C:\Program Files (x86)\Microsoft Visual Studio\Shared\Python37_64\lib\site-packages\urllib3\connection.py:205: 
_ _ _ _ _ _ _ _ _ _ _ _ _ _ _ _ _ _ _ _ _ _ _ _ _ _ _ _ _ _ _ _ _ _ _ _ _ _ _ _

self = <urllib3.connection.HTTPConnection object at 0x000002A7449A6308>

    def _new_conn(self):
        """Establish a socket connection and set nodelay settings on it.
    
        :return: New socket connection.
        """
        extra_kw = {}
        if self.source_address:
            extra_kw["source_address"] = self.source_address
    
        if self.socket_options:
            extra_kw["socket_options"] = self.socket_options
    
        try:
            conn = connection.create_connection(
                (self._dns_host, self.port), self.timeout, **extra_kw
            )
    
        except SocketTimeout:
            raise ConnectTimeoutError(
                self,
                "Connection to %s timed out. (connect timeout=%s)"
                % (self.host, self.timeout),
            )
    
        except SocketError as e:
            raise NewConnectionError(
>               self, "Failed to establish a new connection: %s" % e
            )
E           urllib3.exceptions.NewConnectionError: <urllib3.connection.HTTPConnection object at 0x000002A7449A6308>: Failed to establish a new connection: [WinError 10061] No connection could be made because the target machine actively refused it

C:\Program Files (x86)\Microsoft Visual Studio\Shared\Python37_64\lib\site-packages\urllib3\connection.py:187: NewConnectionError

During handling of the above exception, another exception occurred:

    def test_close_message_arrived():
        try:
            sleep(60)
>           tests.connect_to_product(driver, site_number, water_system_number)

..\Leak_detection_constant_flow_major_fixed_mode.py:103: 
_ _ _ _ _ _ _ _ _ _ _ _ _ _ _ _ _ _ _ _ _ _ _ _ _ _ _ _ _ _ _ _ _ _ _ _ _ _ _ _

driver = <selenium.webdriver.firefox.webdriver.WebDriver (session="e7b48aee-8ed2-4579-a9a4-ddab000e1391")>
site_number_json = '2263', water_system_number_json = '8464'

    def connect_to_product(driver, site_number_json, water_system_number_json):
        sleep(2)
        site_number = site_number_json
        water_system_number = water_system_number_json
        water_system_url = "https://control-staging.wint.ai/en/sites/{}/water_systems/{}".format(site_number,
                                                                                                 water_system_number)
>       driver.get(water_system_url)

..\tests.py:39: 
_ _ _ _ _ _ _ _ _ _ _ _ _ _ _ _ _ _ _ _ _ _ _ _ _ _ _ _ _ _ _ _ _ _ _ _ _ _ _ _

self = <selenium.webdriver.firefox.webdriver.WebDriver (session="e7b48aee-8ed2-4579-a9a4-ddab000e1391")>
url = 'https://control-staging.wint.ai/en/sites/2263/water_systems/8464'

    def get(self, url: str) -> None:
        """
        Loads a web page in the current browser session.
        """
>       self.execute(Command.GET, {"url": url})

C:\Program Files (x86)\Microsoft Visual Studio\Shared\Python37_64\lib\site-packages\selenium\webdriver\remote\webdriver.py:455: 
_ _ _ _ _ _ _ _ _ _ _ _ _ _ _ _ _ _ _ _ _ _ _ _ _ _ _ _ _ _ _ _ _ _ _ _ _ _ _ _

self = <selenium.webdriver.firefox.webdriver.WebDriver (session="e7b48aee-8ed2-4579-a9a4-ddab000e1391")>
driver_command = 'get'
params = {'url': 'https://control-staging.wint.ai/en/sites/2263/water_systems/8464'}

    def execute(self, driver_command: str, params: dict = None) -> dict:
        """
        Sends a command to be executed by a command.CommandExecutor.
    
        :Args:
         - driver_command: The name of the command to execute as a string.
         - params: A dictionary of named parameters to send with the command.
    
        :Returns:
          The command's JSON response loaded into a dictionary object.
        """
        params = self._wrap_value(params)
    
        if self.session_id:
            if not params:
                params = {"sessionId": self.session_id}
            elif "sessionId" not in params:
                params["sessionId"] = self.session_id
    
>       response = self.command_executor.execute(driver_command, params)

C:\Program Files (x86)\Microsoft Visual Studio\Shared\Python37_64\lib\site-packages\selenium\webdriver\remote\webdriver.py:442: 
_ _ _ _ _ _ _ _ _ _ _ _ _ _ _ _ _ _ _ _ _ _ _ _ _ _ _ _ _ _ _ _ _ _ _ _ _ _ _ _

self = <selenium.webdriver.firefox.remote_connection.FirefoxRemoteConnection object at 0x000002A741D77E08>
command = 'get'
params = {'url': 'https://control-staging.wint.ai/en/sites/2263/water_systems/8464'}

    def execute(self, command, params):
        """
        Send a command to the remote server.
    
        Any path substitutions required for the URL mapped to the command should be
        included in the command parameters.
    
        :Args:
         - command - A string specifying the command to execute.
         - params - A dictionary of named parameters to send with the command as
           its JSON payload.
        """
        command_info = self._commands[command]
        assert command_info is not None, "Unrecognised command %s" % command
        path = string.Template(command_info[1]).substitute(params)
        if isinstance(params, dict) and "sessionId" in params:
            del params["sessionId"]
        data = utils.dump_json(params)
        url = f"{self._url}{path}"
>       return self._request(command_info[0], url, body=data)

C:\Program Files (x86)\Microsoft Visual Studio\Shared\Python37_64\lib\site-packages\selenium\webdriver\remote\remote_connection.py:294: 
_ _ _ _ _ _ _ _ _ _ _ _ _ _ _ _ _ _ _ _ _ _ _ _ _ _ _ _ _ _ _ _ _ _ _ _ _ _ _ _

self = <selenium.webdriver.firefox.remote_connection.FirefoxRemoteConnection object at 0x000002A741D77E08>
method = 'POST'
url = 'http://localhost:59881/session/e7b48aee-8ed2-4579-a9a4-ddab000e1391/url'
body = '{"url": "https://control-staging.wint.ai/en/sites/2263/water_systems/8464"}'

    def _request(self, method, url, body=None):
        """
        Send an HTTP request to the remote server.
    
        :Args:
         - method - A string for the HTTP method to send the request with.
         - url - A string for the URL to send the request to.
         - body - A string for request body. Ignored unless method is POST or PUT.
    
        :Returns:
          A dictionary with the server's parsed JSON response.
        """
        LOGGER.debug(f"{method} {url} {body}")
        parsed_url = parse.urlparse(url)
        headers = self.get_remote_connection_headers(parsed_url, self.keep_alive)
        response = None
        if body and method not in ("POST", "PUT"):
            body = None
    
        if self.keep_alive:
>           response = self._conn.request(method, url, body=body, headers=headers)

C:\Program Files (x86)\Microsoft Visual Studio\Shared\Python37_64\lib\site-packages\selenium\webdriver\remote\remote_connection.py:316: 
_ _ _ _ _ _ _ _ _ _ _ _ _ _ _ _ _ _ _ _ _ _ _ _ _ _ _ _ _ _ _ _ _ _ _ _ _ _ _ _

self = <urllib3.poolmanager.PoolManager object at 0x000002A7448C9FC8>
method = 'POST'
url = 'http://localhost:59881/session/e7b48aee-8ed2-4579-a9a4-ddab000e1391/url'
fields = None
headers = {'Accept': 'application/json', 'Connection': 'keep-alive', 'Content-Type': 'application/json;charset=UTF-8', 'User-Agent': 'selenium/4.7.2 (python windows)'}
urlopen_kw = {'body': '{"url": "https://control-staging.wint.ai/en/sites/2263/water_systems/8464"}', 'request_url': 'http://localhost:59881/session/e7b48aee-8ed2-4579-a9a4-ddab000e1391/url'}

    def request(self, method, url, fields=None, headers=None, **urlopen_kw):
        """
        Make a request using :meth:`urlopen` with the appropriate encoding of
        ``fields`` based on the ``method`` used.
    
        This is a convenience method that requires the least amount of manual
        effort. It can be used in most situations, while still having the
        option to drop down to more specific methods when necessary, such as
        :meth:`request_encode_url`, :meth:`request_encode_body`,
        or even the lowest level :meth:`urlopen`.
        """
        method = method.upper()
    
        urlopen_kw["request_url"] = url
    
        if method in self._encode_url_methods:
            return self.request_encode_url(
                method, url, fields=fields, headers=headers, **urlopen_kw
            )
        else:
            return self.request_encode_body(
>               method, url, fields=fields, headers=headers, **urlopen_kw
            )

C:\Program Files (x86)\Microsoft Visual Studio\Shared\Python37_64\lib\site-packages\urllib3\request.py:79: 
_ _ _ _ _ _ _ _ _ _ _ _ _ _ _ _ _ _ _ _ _ _ _ _ _ _ _ _ _ _ _ _ _ _ _ _ _ _ _ _

self = <urllib3.poolmanager.PoolManager object at 0x000002A7448C9FC8>
method = 'POST'
url = 'http://localhost:59881/session/e7b48aee-8ed2-4579-a9a4-ddab000e1391/url'
fields = None
headers = {'Accept': 'application/json', 'Connection': 'keep-alive', 'Content-Type': 'application/json;charset=UTF-8', 'User-Agent': 'selenium/4.7.2 (python windows)'}
encode_multipart = True, multipart_boundary = None
urlopen_kw = {'body': '{"url": "https://control-staging.wint.ai/en/sites/2263/water_systems/8464"}', 'request_url': 'http://localhost:59881/session/e7b48aee-8ed2-4579-a9a4-ddab000e1391/url'}
extra_kw = {'body': '{"url": "https://control-staging.wint.ai/en/sites/2263/water_systems/8464"}', 'headers': {'Accept': 'applica...ium/4.7.2 (python windows)'}, 'request_url': 'http://localhost:59881/session/e7b48aee-8ed2-4579-a9a4-ddab000e1391/url'}

    def request_encode_body(
        self,
        method,
        url,
        fields=None,
        headers=None,
        encode_multipart=True,
        multipart_boundary=None,
        **urlopen_kw
    ):
        """
        Make a request using :meth:`urlopen` with the ``fields`` encoded in
        the body. This is useful for request methods like POST, PUT, PATCH, etc.
    
        When ``encode_multipart=True`` (default), then
        :func:`urllib3.encode_multipart_formdata` is used to encode
        the payload with the appropriate content type. Otherwise
        :func:`urllib.parse.urlencode` is used with the
        'application/x-www-form-urlencoded' content type.
    
        Multipart encoding must be used when posting files, and it's reasonably
        safe to use it in other times too. However, it may break request
        signing, such as with OAuth.
    
        Supports an optional ``fields`` parameter of key/value strings AND
        key/filetuple. A filetuple is a (filename, data, MIME type) tuple where
        the MIME type is optional. For example::
    
            fields = {
                'foo': 'bar',
                'fakefile': ('foofile.txt', 'contents of foofile'),
                'realfile': ('barfile.txt', open('realfile').read()),
                'typedfile': ('bazfile.bin', open('bazfile').read(),
                              'image/jpeg'),
                'nonamefile': 'contents of nonamefile field',
            }
    
        When uploading a file, providing a filename (the first parameter of the
        tuple) is optional but recommended to best mimic behavior of browsers.
    
        Note that if ``headers`` are supplied, the 'Content-Type' header will
        be overwritten because it depends on the dynamic random boundary string
        which is used to compose the body of the request. The random boundary
        string can be explicitly set with the ``multipart_boundary`` parameter.
        """
        if headers is None:
            headers = self.headers
    
        extra_kw = {"headers": {}}
    
        if fields:
            if "body" in urlopen_kw:
                raise TypeError(
                    "request got values for both 'fields' and 'body', can only specify one."
                )
    
            if encode_multipart:
                body, content_type = encode_multipart_formdata(
                    fields, boundary=multipart_boundary
                )
            else:
                body, content_type = (
                    urlencode(fields),
                    "application/x-www-form-urlencoded",
                )
    
            extra_kw["body"] = body
            extra_kw["headers"] = {"Content-Type": content_type}
    
        extra_kw["headers"].update(headers)
        extra_kw.update(urlopen_kw)
    
>       return self.urlopen(method, url, **extra_kw)

C:\Program Files (x86)\Microsoft Visual Studio\Shared\Python37_64\lib\site-packages\urllib3\request.py:170: 
_ _ _ _ _ _ _ _ _ _ _ _ _ _ _ _ _ _ _ _ _ _ _ _ _ _ _ _ _ _ _ _ _ _ _ _ _ _ _ _

self = <urllib3.poolmanager.PoolManager object at 0x000002A7448C9FC8>
method = 'POST'
url = 'http://localhost:59881/session/e7b48aee-8ed2-4579-a9a4-ddab000e1391/url'
redirect = True
kw = {'assert_same_host': False, 'body': '{"url": "https://control-staging.wint.ai/en/sites/2263/water_systems/8464"}', 'he...tent-Type': 'application/json;charset=UTF-8', 'User-Agent': 'selenium/4.7.2 (python windows)'}, 'redirect': False, ...}
u = Url(scheme='http', auth=None, host='localhost', port=59881, path='/session/e7b48aee-8ed2-4579-a9a4-ddab000e1391/url', query=None, fragment=None)
conn = <urllib3.connectionpool.HTTPConnectionPool object at 0x000002A7448E13C8>

    def urlopen(self, method, url, redirect=True, **kw):
        """
        Same as :meth:`urllib3.HTTPConnectionPool.urlopen`
        with custom cross-host redirect logic and only sends the request-uri
        portion of the ``url``.
    
        The given ``url`` parameter must be absolute, such that an appropriate
        :class:`urllib3.connectionpool.ConnectionPool` can be chosen for it.
        """
        u = parse_url(url)
        self._validate_proxy_scheme_url_selection(u.scheme)
    
        conn = self.connection_from_host(u.host, port=u.port, scheme=u.scheme)
    
        kw["assert_same_host"] = False
        kw["redirect"] = False
    
        if "headers" not in kw:
            kw["headers"] = self.headers.copy()
    
        if self._proxy_requires_url_absolute_form(u):
            response = conn.urlopen(method, url, **kw)
        else:
>           response = conn.urlopen(method, u.request_uri, **kw)

C:\Program Files (x86)\Microsoft Visual Studio\Shared\Python37_64\lib\site-packages\urllib3\poolmanager.py:376: 
_ _ _ _ _ _ _ _ _ _ _ _ _ _ _ _ _ _ _ _ _ _ _ _ _ _ _ _ _ _ _ _ _ _ _ _ _ _ _ _

self = <urllib3.connectionpool.HTTPConnectionPool object at 0x000002A7448E13C8>
method = 'POST', url = '/session/e7b48aee-8ed2-4579-a9a4-ddab000e1391/url'
body = '{"url": "https://control-staging.wint.ai/en/sites/2263/water_systems/8464"}'
headers = {'Accept': 'application/json', 'Connection': 'keep-alive', 'Content-Type': 'application/json;charset=UTF-8', 'User-Agent': 'selenium/4.7.2 (python windows)'}
retries = Retry(total=2, connect=None, read=None, redirect=None, status=None)
redirect = False, assert_same_host = False
timeout = <object object at 0x000002A74435F980>, pool_timeout = None
release_conn = True, chunked = False, body_pos = None
response_kw = {'request_url': 'http://localhost:59881/session/e7b48aee-8ed2-4579-a9a4-ddab000e1391/url'}
parsed_url = Url(scheme=None, auth=None, host=None, port=None, path='/session/e7b48aee-8ed2-4579-a9a4-ddab000e1391/url', query=None, fragment=None)
destination_scheme = None, conn = None, release_this_conn = True
http_tunnel_required = False
err = NewConnectionError('<urllib3.connection.HTTPConnection object at 0x000002A7448E1088>: Failed to establish a new connection: [WinError 10061] No connection could be made because the target machine actively refused it')
clean_exit = False

    def urlopen(
        self,
        method,
        url,
        body=None,
        headers=None,
        retries=None,
        redirect=True,
        assert_same_host=True,
        timeout=_Default,
        pool_timeout=None,
        release_conn=None,
        chunked=False,
        body_pos=None,
        **response_kw
    ):
        """
        Get a connection from the pool and perform an HTTP request. This is the
        lowest level call for making a request, so you'll need to specify all
        the raw details.
    
        .. note::
    
           More commonly, it's appropriate to use a convenience method provided
           by :class:`.RequestMethods`, such as :meth:`request`.
    
        .. note::
    
           `release_conn` will only behave as expected if
           `preload_content=False` because we want to make
           `preload_content=False` the default behaviour someday soon without
           breaking backwards compatibility.
    
        :param method:
            HTTP request method (such as GET, POST, PUT, etc.)
    
        :param url:
            The URL to perform the request on.
    
        :param body:
            Data to send in the request body, either :class:`str`, :class:`bytes`,
            an iterable of :class:`str`/:class:`bytes`, or a file-like object.
    
        :param headers:
            Dictionary of custom headers to send, such as User-Agent,
            If-None-Match, etc. If None, pool headers are used. If provided,
            these headers completely replace any pool-specific headers.
    
        :param retries:
            Configure the number of retries to allow before raising a
            :class:`~urllib3.exceptions.MaxRetryError` exception.
    
            Pass ``None`` to retry until you receive a response. Pass a
            :class:`~urllib3.util.retry.Retry` object for fine-grained control
            over different types of retries.
            Pass an integer number to retry connection errors that many times,
            but no other types of errors. Pass zero to never retry.
    
            If ``False``, then retries are disabled and any exception is raised
            immediately. Also, instead of raising a MaxRetryError on redirects,
            the redirect response will be returned.
    
        :type retries: :class:`~urllib3.util.retry.Retry`, False, or an int.
    
        :param redirect:
            If True, automatically handle redirects (status codes 301, 302,
            303, 307, 308). Each redirect counts as a retry. Disabling retries
            will disable redirect, too.
    
        :param assert_same_host:
            If ``True``, will make sure that the host of the pool requests is
            consistent else will raise HostChangedError. When ``False``, you can
            use the pool on an HTTP proxy and request foreign hosts.
    
        :param timeout:
            If specified, overrides the default timeout for this one
            request. It may be a float (in seconds) or an instance of
            :class:`urllib3.util.Timeout`.
    
        :param pool_timeout:
            If set and the pool is set to block=True, then this method will
            block for ``pool_timeout`` seconds and raise EmptyPoolError if no
            connection is available within the time period.
    
        :param release_conn:
            If False, then the urlopen call will not release the connection
            back into the pool once a response is received (but will release if
            you read the entire contents of the response such as when
            `preload_content=True`). This is useful if you're not preloading
            the response's content immediately. You will need to call
            ``r.release_conn()`` on the response ``r`` to return the connection
            back into the pool. If None, it takes the value of
            ``response_kw.get('preload_content', True)``.
    
        :param chunked:
            If True, urllib3 will send the body using chunked transfer
            encoding. Otherwise, urllib3 will send the body using the standard
            content-length form. Defaults to False.
    
        :param int body_pos:
            Position to seek to in file-like body in the event of a retry or
            redirect. Typically this won't need to be set because urllib3 will
            auto-populate the value when needed.
    
        :param \\**response_kw:
            Additional parameters are passed to
            :meth:`urllib3.response.HTTPResponse.from_httplib`
        """
    
        parsed_url = parse_url(url)
        destination_scheme = parsed_url.scheme
    
        if headers is None:
            headers = self.headers
    
        if not isinstance(retries, Retry):
            retries = Retry.from_int(retries, redirect=redirect, default=self.retries)
    
        if release_conn is None:
            release_conn = response_kw.get("preload_content", True)
    
        # Check host
        if assert_same_host and not self.is_same_host(url):
            raise HostChangedError(self, url, retries)
    
        # Ensure that the URL we're connecting to is properly encoded
        if url.startswith("/"):
            url = six.ensure_str(_encode_target(url))
        else:
            url = six.ensure_str(parsed_url.url)
    
        conn = None
    
        # Track whether `conn` needs to be released before
        # returning/raising/recursing. Update this variable if necessary, and
        # leave `release_conn` constant throughout the function. That way, if
        # the function recurses, the original value of `release_conn` will be
        # passed down into the recursive call, and its value will be respected.
        #
        # See issue #651 [1] for details.
        #
        # [1] <https://github.com/urllib3/urllib3/issues/651>
        release_this_conn = release_conn
    
        http_tunnel_required = connection_requires_http_tunnel(
            self.proxy, self.proxy_config, destination_scheme
        )
    
        # Merge the proxy headers. Only done when not using HTTP CONNECT. We
        # have to copy the headers dict so we can safely change it without those
        # changes being reflected in anyone else's copy.
        if not http_tunnel_required:
            headers = headers.copy()
            headers.update(self.proxy_headers)
    
        # Must keep the exception bound to a separate variable or else Python 3
        # complains about UnboundLocalError.
        err = None
    
        # Keep track of whether we cleanly exited the except block. This
        # ensures we do proper cleanup in finally.
        clean_exit = False
    
        # Rewind body position, if needed. Record current position
        # for future rewinds in the event of a redirect/retry.
        body_pos = set_file_position(body, body_pos)
    
        try:
            # Request a connection from the queue.
            timeout_obj = self._get_timeout(timeout)
            conn = self._get_conn(timeout=pool_timeout)
    
            conn.timeout = timeout_obj.connect_timeout
    
            is_new_proxy_conn = self.proxy is not None and not getattr(
                conn, "sock", None
            )
            if is_new_proxy_conn and http_tunnel_required:
                self._prepare_proxy(conn)
    
            # Make the request on the httplib connection object.
            httplib_response = self._make_request(
                conn,
                method,
                url,
                timeout=timeout_obj,
                body=body,
                headers=headers,
                chunked=chunked,
            )
    
            # If we're going to release the connection in ``finally:``, then
            # the response doesn't need to know about the connection. Otherwise
            # it will also try to release it and we'll have a double-release
            # mess.
            response_conn = conn if not release_conn else None
    
            # Pass method to Response for length checking
            response_kw["request_method"] = method
    
            # Import httplib's response into our own wrapper object
            response = self.ResponseCls.from_httplib(
                httplib_response,
                pool=self,
                connection=response_conn,
                retries=retries,
                **response_kw
            )
    
            # Everything went great!
            clean_exit = True
    
        except EmptyPoolError:
            # Didn't get a connection from the pool, no need to clean up
            clean_exit = True
            release_this_conn = False
            raise
    
        except (
            TimeoutError,
            HTTPException,
            SocketError,
            ProtocolError,
            BaseSSLError,
            SSLError,
            CertificateError,
        ) as e:
            # Discard the connection for these exceptions. It will be
            # replaced during the next _get_conn() call.
            clean_exit = False
    
            def _is_ssl_error_message_from_http_proxy(ssl_error):
                # We're trying to detect the message 'WRONG_VERSION_NUMBER' but
                # SSLErrors are kinda all over the place when it comes to the message,
                # so we try to cover our bases here!
                message = " ".join(re.split("[^a-z]", str(ssl_error).lower()))
                return (
                    "wrong version number" in message or "unknown protocol" in message
                )
    
            # Try to detect a common user error with proxies which is to
            # set an HTTP proxy to be HTTPS when it should be 'http://'
            # (ie {'http': 'http://proxy', 'https': 'https://proxy'})
            # Instead we add a nice error message and point to a URL.
            if (
                isinstance(e, BaseSSLError)
                and self.proxy
                and _is_ssl_error_message_from_http_proxy(e)
                and conn.proxy
                and conn.proxy.scheme == "https"
            ):
                e = ProxyError(
                    "Your proxy appears to only use HTTP and not HTTPS, "
                    "try changing your proxy URL to be HTTP. See: "
                    "https://urllib3.readthedocs.io/en/1.26.x/advanced-usage.html"
                    "#https-proxy-error-http-proxy",
                    SSLError(e),
                )
            elif isinstance(e, (BaseSSLError, CertificateError)):
                e = SSLError(e)
            elif isinstance(e, (SocketError, NewConnectionError)) and self.proxy:
                e = ProxyError("Cannot connect to proxy.", e)
            elif isinstance(e, (SocketError, HTTPException)):
                e = ProtocolError("Connection aborted.", e)
    
            retries = retries.increment(
                method, url, error=e, _pool=self, _stacktrace=sys.exc_info()[2]
            )
            retries.sleep()
    
            # Keep track of the error for the retry warning.
            err = e
    
        finally:
            if not clean_exit:
                # We hit some kind of exception, handled or otherwise. We need
                # to throw the connection away unless explicitly told not to.
                # Close the connection, set the variable to None, and make sure
                # we put the None back in the pool to avoid leaking it.
                conn = conn and conn.close()
                release_this_conn = True
    
            if release_this_conn:
                # Put the connection back to be reused. If the connection is
                # expired then it will be None, which will get replaced with a
                # fresh connection during _get_conn.
                self._put_conn(conn)
    
        if not conn:
            # Try again
            log.warning(
                "Retrying (%r) after connection broken by '%r': %s", retries, err, url
            )
            return self.urlopen(
                method,
                url,
                body,
                headers,
                retries,
                redirect,
                assert_same_host,
                timeout=timeout,
                pool_timeout=pool_timeout,
                release_conn=release_conn,
                chunked=chunked,
                body_pos=body_pos,
>               **response_kw
            )

C:\Program Files (x86)\Microsoft Visual Studio\Shared\Python37_64\lib\site-packages\urllib3\connectionpool.py:828: 
_ _ _ _ _ _ _ _ _ _ _ _ _ _ _ _ _ _ _ _ _ _ _ _ _ _ _ _ _ _ _ _ _ _ _ _ _ _ _ _

self = <urllib3.connectionpool.HTTPConnectionPool object at 0x000002A7448E13C8>
method = 'POST', url = '/session/e7b48aee-8ed2-4579-a9a4-ddab000e1391/url'
body = '{"url": "https://control-staging.wint.ai/en/sites/2263/water_systems/8464"}'
headers = {'Accept': 'application/json', 'Connection': 'keep-alive', 'Content-Type': 'application/json;charset=UTF-8', 'User-Agent': 'selenium/4.7.2 (python windows)'}
retries = Retry(total=1, connect=None, read=None, redirect=None, status=None)
redirect = False, assert_same_host = False
timeout = <object object at 0x000002A74435F980>, pool_timeout = None
release_conn = True, chunked = False, body_pos = None
response_kw = {'request_url': 'http://localhost:59881/session/e7b48aee-8ed2-4579-a9a4-ddab000e1391/url'}
parsed_url = Url(scheme=None, auth=None, host=None, port=None, path='/session/e7b48aee-8ed2-4579-a9a4-ddab000e1391/url', query=None, fragment=None)
destination_scheme = None, conn = None, release_this_conn = True
http_tunnel_required = False
err = NewConnectionError('<urllib3.connection.HTTPConnection object at 0x000002A7449EF608>: Failed to establish a new connection: [WinError 10061] No connection could be made because the target machine actively refused it')
clean_exit = False

    def urlopen(
        self,
        method,
        url,
        body=None,
        headers=None,
        retries=None,
        redirect=True,
        assert_same_host=True,
        timeout=_Default,
        pool_timeout=None,
        release_conn=None,
        chunked=False,
        body_pos=None,
        **response_kw
    ):
        """
        Get a connection from the pool and perform an HTTP request. This is the
        lowest level call for making a request, so you'll need to specify all
        the raw details.
    
        .. note::
    
           More commonly, it's appropriate to use a convenience method provided
           by :class:`.RequestMethods`, such as :meth:`request`.
[...]
        # the function recurses, the original value of `release_conn` will be
        # passed down into the recursive call, and its value will be respected.
        #
        # See issue #651 [1] for details.
        #
        # [1] <https://github.com/urllib3/urllib3/issues/651>
        release_this_conn = release_conn
    
        http_tunnel_required = connection_requires_http_tunnel(
            self.proxy, self.proxy_config, destination_scheme
        )
    
        # Merge the proxy headers. Only done when not using HTTP CONNECT. We
        # have to copy the headers dict so we can safely change it without those
        # changes being reflected in anyone else's copy.
        if not http_tunnel_required:
            headers = headers.copy()
            headers.update(self.proxy_headers)
    
        # Must keep the exception bound to a separate variable or else Python 3
        # complains about UnboundLocalError.
        err = None
    
        # Keep track of whether we cleanly exited the except block. This
        # ensures we do proper cleanup in finally.
        clean_exit = False
    
        # Rewind body position, if needed. Record current position
        # for future rewinds in the event of a redirect/retry.
        body_pos = set_file_position(body, body_pos)
    
        try:
            # Request a connection from the queue.
            timeout_obj = self._get_timeout(timeout)
            conn = self._get_conn(timeout=pool_timeout)
    
            conn.timeout = timeout_obj.connect_timeout
    
            is_new_proxy_conn = self.proxy is not None and not getattr(
                conn, "sock", None
            )
            if is_new_proxy_conn and http_tunnel_required:
                self._prepare_proxy(conn)
    
            # Make the request on the httplib connection object.
            httplib_response = self._make_request(
                conn,
                method,
                url,
                timeout=timeout_obj,
                body=body,
                headers=headers,
                chunked=chunked,
            )
    
            # If we're going to release the connection in ``finally:``, then
            # the response doesn't need to know about the connection. Otherwise
            # it will also try to release it and we'll have a double-release
            # mess.
            response_conn = conn if not release_conn else None
    
            # Pass method to Response for length checking
            response_kw["request_method"] = method
    
            # Import httplib's response into our own wrapper object
            response = self.ResponseCls.from_httplib(
                httplib_response,
                pool=self,
                connection=response_conn,
                retries=retries,
                **response_kw
            )
    
            # Everything went great!
            clean_exit = True
    
        except EmptyPoolError:
            # Didn't get a connection from the pool, no need to clean up
            clean_exit = True
            release_this_conn = False
            raise
    
        except (
            TimeoutError,
            HTTPException,
            SocketError,
            ProtocolError,
            BaseSSLError,
            SSLError,
            CertificateError,
        ) as e:
            # Discard the connection for these exceptions. It will be
            # replaced during the next _get_conn() call.
            clean_exit = False
    
            def _is_ssl_error_message_from_http_proxy(ssl_error):
                # We're trying to detect the message 'WRONG_VERSION_NUMBER' but
                # SSLErrors are kinda all over the place when it comes to the message,
                # so we try to cover our bases here!
                message = " ".join(re.split("[^a-z]", str(ssl_error).lower()))
                return (
                    "wrong version number" in message or "unknown protocol" in message
                )
    
            # Try to detect a common user error with proxies which is to
            # set an HTTP proxy to be HTTPS when it should be 'http://'
            # (ie {'http': 'http://proxy', 'https': 'https://proxy'})
            # Instead we add a nice error message and point to a URL.
            if (
                isinstance(e, BaseSSLError)
                and self.proxy
                and _is_ssl_error_message_from_http_proxy(e)
                and conn.proxy
                and conn.proxy.scheme == "https"
            ):
                e = ProxyError(
                    "Your proxy appears to only use HTTP and not HTTPS, "
                    "try changing your proxy URL to be HTTP. See: "
                    "https://urllib3.readthedocs.io/en/1.26.x/advanced-usage.html"
                    "#https-proxy-error-http-proxy",
                    SSLError(e),
                )
            elif isinstance(e, (BaseSSLError, CertificateError)):
                e = SSLError(e)
            elif isinstance(e, (SocketError, NewConnectionError)) and self.proxy:
                e = ProxyError("Cannot connect to proxy.", e)
            elif isinstance(e, (SocketError, HTTPException)):
                e = ProtocolError("Connection aborted.", e)
    
            retries = retries.increment(
>               method, url, error=e, _pool=self, _stacktrace=sys.exc_info()[2]
            )

C:\Program Files (x86)\Microsoft Visual Studio\Shared\Python37_64\lib\site-packages\urllib3\connectionpool.py:788: 
_ _ _ _ _ _ _ _ _ _ _ _ _ _ _ _ _ _ _ _ _ _ _ _ _ _ _ _ _ _ _ _ _ _ _ _ _ _ _ _

self = Retry(total=0, connect=None, read=None, redirect=None, status=None)
method = 'POST', url = '/session/e7b48aee-8ed2-4579-a9a4-ddab000e1391/url'
response = None
error = NewConnectionError('<urllib3.connection.HTTPConnection object at 0x000002A744DB3E88>: Failed to establish a new connection: [WinError 10061] No connection could be made because the target machine actively refused it')
_pool = <urllib3.connectionpool.HTTPConnectionPool object at 0x000002A7448E13C8>
_stacktrace = <traceback object at 0x000002A744DB36C8>

    def increment(
        self,
        method=None,
        url=None,
        response=None,
        error=None,
        _pool=None,
        _stacktrace=None,
    ):
        """Return a new Retry object with incremented retry counters.
    
        :param response: A response object, or None, if the server did not
            return a response.
        :type response: :class:`~urllib3.response.HTTPResponse`
        :param Exception error: An error encountered during the request, or
            None if the response was received successfully.
    
        :return: A new ``Retry`` object.
        """
        if self.total is False and error:
            # Disabled, indicate to re-raise the error.
            raise six.reraise(type(error), error, _stacktrace)
    
        total = self.total
        if total is not None:
            total -= 1
    
        connect = self.connect
        read = self.read
        redirect = self.redirect
        status_count = self.status
        other = self.other
        cause = "unknown"
        status = None
        redirect_location = None
    
        if error and self._is_connection_error(error):
            # Connect retry?
            if connect is False:
                raise six.reraise(type(error), error, _stacktrace)
            elif connect is not None:
                connect -= 1
    
        elif error and self._is_read_error(error):
            # Read retry?
            if read is False or not self._is_method_retryable(method):
                raise six.reraise(type(error), error, _stacktrace)
            elif read is not None:
                read -= 1
    
        elif error:
            # Other retry?
            if other is not None:
                other -= 1
    
        elif response and response.get_redirect_location():
            # Redirect retry?
            if redirect is not None:
                redirect -= 1
            cause = "too many redirects"
            redirect_location = response.get_redirect_location()
            status = response.status
    
        else:
            # Incrementing because of a server error like a 500 in
            # status_forcelist and the given method is in the allowed_methods
            cause = ResponseError.GENERIC_ERROR
            if response and response.status:
                if status_count is not None:
                    status_count -= 1
                cause = ResponseError.SPECIFIC_ERROR.format(status_code=response.status)
                status = response.status
    
        history = self.history + (
            RequestHistory(method, url, error, status, redirect_location),
        )
    
        new_retry = self.new(
            total=total,
            connect=connect,
            read=read,
            redirect=redirect,
            status=status_count,
            other=other,
            history=history,
        )
    
        if new_retry.is_exhausted():
>           raise MaxRetryError(_pool, url, error or ResponseError(cause))
E           urllib3.exceptions.MaxRetryError: HTTPConnectionPool(host='localhost', port=59881): Max retries exceeded with url: /session/e7b48aee-8ed2-4579-a9a4-ddab000e1391/url (Caused by NewConnectionError('<urllib3.connection.HTTPConnection object at 0x000002A744DB3E88>: Failed to establish a new connection: [WinError 10061] No connection could be made because the target machine actively refused it'))

C:\Program Files (x86)\Microsoft Visual Studio\Shared\Python37_64\lib\site-packages\urllib3\util\retry.py:592: MaxRetryError

During handling of the above exception, another exception occurred:

    def test_valve_error_arrived():
        try:
            tests.connect_to_product(driver, site_number, water_system_number)
            error_gotten = tests.is_command_was_gotten_loop(driver, site_number, water_system_number, product_id,
                                                            'OP_EVT_VALVE_ERROR',None, False)
            if error_gotten:
                assert True
            else:
                assert False
        except:
>           pytest.fail('fail to get close')
E           Failed: fail to get close

..\Leak_detection_constant_flow_major_fixed_mode.py:123: Failed
------------------------------ Captured log call ------------------------------
WARNING  urllib3.connectionpool:connectionpool.py:813 Retrying (Retry(total=2, connect=None, read=None, redirect=None, status=None)) after connection broken by 'NewConnectionError('<urllib3.connection.HTTPConnection object at 0x000002A744CB4348>: Failed to establish a new connection: [WinError 10061] No connection could be made because the target machine actively refused it')': /session/e7b48aee-8ed2-4579-a9a4-ddab000e1391/url
WARNING  urllib3.connectionpool:connectionpool.py:813 Retrying (Retry(total=1, connect=None, read=None, redirect=None, status=None)) after connection broken by 'NewConnectionError('<urllib3.connection.HTTPConnection object at 0x000002A744CB4C88>: Failed to establish a new connection: [WinError 10061] No connection could be made because the target machine actively refused it')': /session/e7b48aee-8ed2-4579-a9a4-ddab000e1391/url
WARNING  urllib3.connectionpool:connectionpool.py:813 Retrying (Retry(total=0, connect=None, read=None, redirect=None, status=None)) after connection broken by 'NewConnectionError('<urllib3.connection.HTTPConnection object at 0x000002A744DC4C48>: Failed to establish a new connection: [WinError 10061] No connection could be made because the target machine actively refused it')': /session/e7b48aee-8ed2-4579-a9a4-ddab000e1391/url
__________________________ test_stop_water_simulator __________________________

self = <psutil._pswindows.Process object at 0x000002A744B2A688>, args = ()
kwargs = {}

    @functools.wraps(fun)
    def wrapper(self, *args, **kwargs):
        try:
>           return fun(self, *args, **kwargs)

..\..\virtualenv-automation\lib\site-packages\psutil\_pswindows.py:688: 
_ _ _ _ _ _ _ _ _ _ _ _ _ _ _ _ _ _ _ _ _ _ _ _ _ _ _ _ _ _ _ _ _ _ _ _ _ _ _ _

self = <psutil._pswindows.Process object at 0x000002A744B2A688>

    @wrap_exceptions
    def create_time(self):
        # Note: proc_times() not put under oneshot() 'cause create_time()
        # is already cached by the main Process class.
        try:
>           user, system, created = cext.proc_times(self.pid)
E           ProcessLookupError: [Errno 3] assume no such process (originated from GetExitCodeProcess != STILL_ACTIVE)

..\..\virtualenv-automation\lib\site-packages\psutil\_pswindows.py:942: ProcessLookupError

During handling of the above exception, another exception occurred:

self = psutil.Process(pid=97532, name='cmd.exe', status='terminated')
pid = 97532, _ignore_nsp = False

    def _init(self, pid, _ignore_nsp=False):
        if pid is None:
            pid = os.getpid()
        else:
            if not _PY3 and not isinstance(pid, (int, long)):
                raise TypeError('pid must be an integer (got %r)' % pid)
            if pid < 0:
                raise ValueError('pid must be a positive integer (got %s)'
                                 % pid)
        self._pid = pid
        self._name = None
        self._exe = None
        self._create_time = None
        self._gone = False
        self._pid_reused = False
        self._hash = None
        self._lock = threading.RLock()
        # used for caching on Windows only (on POSIX ppid may change)
        self._ppid = None
        # platform-specific modules define an _psplatform.Process
        # implementation class
        self._proc = _psplatform.Process(pid)
        self._last_sys_cpu_times = None
        self._last_proc_cpu_times = None
        self._exitcode = _SENTINEL
        # cache creation time for later use in is_running() method
        try:
>           self.create_time()

..\..\virtualenv-automation\lib\site-packages\psutil\__init__.py:361: 
_ _ _ _ _ _ _ _ _ _ _ _ _ _ _ _ _ _ _ _ _ _ _ _ _ _ _ _ _ _ _ _ _ _ _ _ _ _ _ _

self = psutil.Process(pid=97532, name='cmd.exe', status='terminated')

    def create_time(self):
        """The process creation time as a floating point number
        expressed in seconds since the epoch.
        The return value is cached after first call.
        """
        if self._create_time is None:
>           self._create_time = self._proc.create_time()

..\..\virtualenv-automation\lib\site-packages\psutil\__init__.py:714: 
_ _ _ _ _ _ _ _ _ _ _ _ _ _ _ _ _ _ _ _ _ _ _ _ _ _ _ _ _ _ _ _ _ _ _ _ _ _ _ _

self = <psutil._pswindows.Process object at 0x000002A744B2A688>, args = ()
kwargs = {}

    @functools.wraps(fun)
    def wrapper(self, *args, **kwargs):
        try:
            return fun(self, *args, **kwargs)
        except OSError as err:
>           raise convert_oserror(err, pid=self.pid, name=self._name)
E           psutil.NoSuchProcess: process no longer exists (pid=97532)

..\..\virtualenv-automation\lib\site-packages\psutil\_pswindows.py:690: NoSuchProcess

During handling of the above exception, another exception occurred:

injection_process = <subprocess.Popen object at 0x000002A744C2C8C8>

    def stop_inject_water(injection_process):
        try:
>           parent = psutil.Process(injection_process.pid)

..\tests.py:332: 
_ _ _ _ _ _ _ _ _ _ _ _ _ _ _ _ _ _ _ _ _ _ _ _ _ _ _ _ _ _ _ _ _ _ _ _ _ _ _ _

self = psutil.Process(pid=97532, name='cmd.exe', status='terminated')
pid = 97532

    def __init__(self, pid=None):
>       self._init(pid)

..\..\virtualenv-automation\lib\site-packages\psutil\__init__.py:332: 
_ _ _ _ _ _ _ _ _ _ _ _ _ _ _ _ _ _ _ _ _ _ _ _ _ _ _ _ _ _ _ _ _ _ _ _ _ _ _ _

self = psutil.Process(pid=97532, name='cmd.exe', status='terminated')
pid = 97532, _ignore_nsp = False

    def _init(self, pid, _ignore_nsp=False):
        if pid is None:
            pid = os.getpid()
        else:
            if not _PY3 and not isinstance(pid, (int, long)):
                raise TypeError('pid must be an integer (got %r)' % pid)
            if pid < 0:
                raise ValueError('pid must be a positive integer (got %s)'
                                 % pid)
        self._pid = pid
        self._name = None
        self._exe = None
        self._create_time = None
        self._gone = False
        self._pid_reused = False
        self._hash = None
        self._lock = threading.RLock()
        # used for caching on Windows only (on POSIX ppid may change)
        self._ppid = None
        # platform-specific modules define an _psplatform.Process
        # implementation class
        self._proc = _psplatform.Process(pid)
        self._last_sys_cpu_times = None
        self._last_proc_cpu_times = None
        self._exitcode = _SENTINEL
        # cache creation time for later use in is_running() method
        try:
            self.create_time()
        except AccessDenied:
            # We should never get here as AFAIK we're able to get
            # process creation time on all platforms even as a
            # limited user.
            pass
        except ZombieProcess:
            # Zombies can still be queried by this class (although
            # not always) and pids() return them so just go on.
            pass
        except NoSuchProcess:
            if not _ignore_nsp:
>               raise NoSuchProcess(pid, msg='process PID not found')
E               psutil.NoSuchProcess: process PID not found (pid=97532)

..\..\virtualenv-automation\lib\site-packages\psutil\__init__.py:373: NoSuchProcess

During handling of the above exception, another exception occurred:

    def test_stop_water_simulator():
        try:
            global injection_process
>           tests.stop_inject_water(injection_process)

..\Leak_detection_constant_flow_major_fixed_mode.py:129: 
_ _ _ _ _ _ _ _ _ _ _ _ _ _ _ _ _ _ _ _ _ _ _ _ _ _ _ _ _ _ _ _ _ _ _ _ _ _ _ _

injection_process = <subprocess.Popen object at 0x000002A744C2C8C8>

    def stop_inject_water(injection_process):
        try:
            parent = psutil.Process(injection_process.pid)
            children = parent.children(recursive=True)
            os.kill(children[0].pid, signal.SIGTERM)
        except:
>           raise Exception("fail to stop water flow")
E           Exception: fail to stop water flow

..\tests.py:336: Exception

During handling of the above exception, another exception occurred:

    def test_stop_water_simulator():
        try:
            global injection_process
            tests.stop_inject_water(injection_process)
        except Exception as e:
>           pytest.fail(str(e))
E           Failed: fail to stop water flow

..\Leak_detection_constant_flow_major_fixed_mode.py:131: Failed
- generated html file: file:///C:/Users/liorm/Desktop/Automation-Selenium/client/templates/report_Leak_detection_constant_flow_major_fixed_mode.html -
=========================== short test summary info ===========================
FAILED ..\Leak_detection_constant_flow_major_fixed_mode.py::test_pre_testing
FAILED ..\Leak_detection_constant_flow_major_fixed_mode.py::test_warning_message_arrived
FAILED ..\Leak_detection_constant_flow_major_fixed_mode.py::test_close_message_arrived
FAILED ..\Leak_detection_constant_flow_major_fixed_mode.py::test_valve_error_arrived
FAILED ..\Leak_detection_constant_flow_major_fixed_mode.py::test_stop_water_simulator
=================== 5 failed, 5 passed in 573.33s (0:09:33) ===================
